<?xml version="1.0" encoding="UTF-8"?>
<!-- Generated by org.testng.reporters.JUnitXMLReporter -->
<testsuite ignored="0" hostname="HP15s" failures="2" tests="9" name="Fuctional" time="12.557" errors="0" timestamp="2022-12-28T16:50:01 IST">
  <testcase classname="testNG_Practice.Verify_Title_Text" name="titleTest" time="12.464">
    <failure type="java.lang.AssertionError" message="The following asserts failed:
	Title verification failed expected [Electronics, eCars, Fashion, Collectibles &amp;amp; More | eBay] but found [Electronics, Cars, Fashion, Collectibles &amp;amp; More | eBay]">
      <![CDATA[java.lang.AssertionError: The following asserts failed:
Title verification failed expected [Electronics, eCars, Fashion, Collectibles & More | eBay] but found [Electronics, Cars, Fashion, Collectibles & More | eBay]
at testNG_Practice.Verify_Title_Text.titleTest(Verify_Title_Text.java:28)
at java.base/java.util.ArrayList.forEach(ArrayList.java:1511)
... Removed 27 stack frames]]>
    </failure>
  </testcase> <!-- titleTest -->
  <testcase classname="testNG_Practice.Group_Testcases" name="Test1" time="0.002"/>
  <testcase classname="testNG_Practice.Group_Testcases" name="Test2" time="0.002"/>
  <testcase classname="testNG_Practice.Group_Testcases" name="Test3" time="0.001"/>
  <testcase classname="testNG_Practice.BeforeAfter_Annotation" name="Error" time="0.001">
    <failure type="java.lang.AssertionError" message="null">
      <![CDATA[java.lang.AssertionError: null
at testNG_Practice.BeforeAfter_Annotation.Error(BeforeAfter_Annotation.java:36)
at java.base/java.util.ArrayList.forEach(ArrayList.java:1511)
... Removed 27 stack frames]]>
    </failure>
  </testcase> <!-- Error -->
  <testcase classname="testNG_Practice.BeforeAfter_Annotation" name="connectToDB" time="0.003"/>
  <testcase classname="testNG_Practice.BeforeAfter_Annotation" name="Login" time="0.0"/>
  <testcase classname="testNG_Practice.BeforeAfter_Annotation" name="Logout" time="0.002"/>
  <testcase classname="testNG_Practice.BeforeAfter_Annotation" name="disconnectFromDB" time="0.002"/>
</testsuite> <!-- Fuctional -->
