<?xml version="1.0" encoding="UTF-8"?>
<!-- Generated by org.testng.reporters.JUnitXMLReporter -->
<testsuite ignored="2" hostname="HP15s" failures="0" tests="1" name="GRP-unit" time="0.04" errors="0" timestamp="2022-12-28T16:41:30 IST">
  <testcase classname="testNG_Practice.Group_Testcases" name="Test3" time="0.011"/>
  <testcase classname="testNG_Practice.Group_Testcases" name="Test1" time="0.0">
    <ignored/>
  </testcase> <!-- Test1 -->
  <testcase classname="testNG_Practice.Group_Testcases" name="Test2" time="0.0">
    <ignored/>
  </testcase> <!-- Test2 -->
</testsuite> <!-- GRP-unit -->
