<?xml version="1.0" encoding="UTF-8"?>
<!-- Generated by org.testng.reporters.JUnitXMLReporter -->
<testsuite ignored="1" hostname="HP15s" failures="0" tests="2" name="GRP-Regression" time="0.04" errors="0" timestamp="2022-12-28T16:40:49 IST">
  <testcase classname="testNG_Practice.Group_Testcases" name="Test1" time="0.008"/>
  <testcase classname="testNG_Practice.Group_Testcases" name="Test2" time="0.001"/>
  <testcase classname="testNG_Practice.Group_Testcases" name="Test3" time="0.0">
    <ignored/>
  </testcase> <!-- Test3 -->
</testsuite> <!-- GRP-Regression -->
