<?xml version="1.0" encoding="UTF-8"?>
<!-- Generated by org.testng.reporters.JUnitXMLReporter -->
<testsuite hostname="HP15s" ignored="0" name="Test" tests="3" failures="0" timestamp="2023-02-02T15:07:34 IST" time="11.095" errors="0">
  <testcase name="TC1" time="4.242" classname="parallel_Execution.Parallel1"/>
  <testcase name="TC2" time="2.944" classname="parallel_Execution.Parallel2"/>
  <testcase name="TC3" time="3.858" classname="parallel_Execution.Parallel3"/>
</testsuite> <!-- Test -->
