<?xml version="1.0" encoding="UTF-8"?>
<testng-results ignored="0" total="1" passed="1" failed="0" skipped="0">
  <reporter-output>
  </reporter-output>
  <suite started-at="2023-09-14T17:54:31 IST" name="Default suite" finished-at="2023-09-14T17:54:31 IST" duration-ms="45">
    <groups>
    </groups>
    <test started-at="2023-09-14T17:54:31 IST" name="Default test" finished-at="2023-09-14T17:54:31 IST" duration-ms="45">
      <class name="data_Provider.Single_Data_Provider">
        <test-method signature="sample(java.lang.String)[pri:0, instance:data_Provider.Single_Data_Provider@593aaf41]" started-at="2023-09-14T17:54:31 IST" name="sample" data-provider="supplier" finished-at="2023-09-14T17:54:31 IST" duration-ms="15" status="PASS">
          <params>
            <param index="0">
              <value>
                <![CDATA[Kiran]]>
              </value>
            </param>
          </params>
          <reporter-output>
          </reporter-output>
        </test-method> <!-- sample -->
      </class> <!-- data_Provider.Single_Data_Provider -->
    </test> <!-- Default test -->
  </suite> <!-- Default suite -->
</testng-results>
